<?xml version="1.0" encoding="UTF-8"?>
<testng-results skipped="0" failed="0" ignored="0" total="1" passed="1">
  <reporter-output>
  </reporter-output>
  <suite name="softwaretestingmaterial" duration-ms="1348" started-at="2019-05-15T12:05:47Z" finished-at="2019-05-15T12:05:49Z">
    <groups>
    </groups>
    <test name="testngTest" duration-ms="1348" started-at="2019-05-15T12:05:47Z" finished-at="2019-05-15T12:05:49Z">
      <class name="rest.assured.framework.request.GetDataTest">
        <test-method status="PASS" signature="testResponseCode()[pri:0, instance:rest.assured.framework.request.GetDataTest@22f71333]" name="testResponseCode" duration-ms="1329" started-at="2019-05-15T12:05:47Z" finished-at="2019-05-15T12:05:49Z">
          <reporter-output>
          </reporter-output>
        </test-method> <!-- testResponseCode -->
      </class> <!-- rest.assured.framework.request.GetDataTest -->
    </test> <!-- testngTest -->
  </suite> <!-- softwaretestingmaterial -->
</testng-results>
